[03:19:30] [Render thread/INFO] [JMLogger] JourneyMap log initialized.
[03:19:30] [Render thread/INFO] [JourneymapClient] initialize ENTER
[03:19:30] [Render thread/INFO] [ClientAPI] [ClientAPI] built with JourneyMap API 2.0.0-SNAPSHOT
[03:19:30] [Render thread/INFO] [PluginHelper] Initialized IJourneyMapPlugin as:com.simibubi.create.compat.trainmap.JourneyTrainMap: for:create
[03:19:30] [Render thread/DEBUG] [JourneymapClient] Loading and Generating Journeymap configs
[03:19:30] [Render thread/INFO] [?] Version: JourneyMap 1.21.1-6.0.0-beta.74, built with neoforge 0.116.7+1.21.1
neoforge: 21.1.230
Environment: os.name, os.arch, java.version, user.country, user.language=null, game language=en_us, locale=en_us
Features: 
	RadarPlayers : singleplayer = true , multiplayer = true
	RadarAnimals : singleplayer = true , multiplayer = true
	RadarMobs : singleplayer = true , multiplayer = true
	RadarVillagers : singleplayer = true , multiplayer = true
	MapTopo : singleplayer = true , multiplayer = true
	MapSurface : singleplayer = true , multiplayer = true
	MapCaves : singleplayer = true , multiplayer = true
	MapBiome : singleplayer = true , multiplayer = true
MiniMapProperties{state=Valid, file=journeymap.minimap.config, configVersion=6.0.0-beta.74, infoSlotTimeFormat=HH:mm:ss, zoomLevel=512, compassFontScale=1.0, infoSlotFontScale=1.0, terrainAlpha=100, showEntityNames=false, showPassiveNames=false, positionX=0.9, positionY=0.25, effectVertical=false, showPlayerHeading=true, sizePercent=22, playerDisplayScale=1.0, showDayNight=true, showPets=false, showPlayerNames=false, preferredMapType=day, showCompass=true, showNpcNames=false, mobDisplay=jm.common.entity_display.dots_and_outlined_icons, showHostileNames=false, systemTimeRealFormat=HH:mm:ss, shape=jm.minimap.shape_square, showSelf=true, showVillagerNames=false, selfDisplayScale=0.9, showGrid=false, reticleOrientation=jm.minimap.orientation.compass, minimapLockedMapType=jm.common.map_type.auto, effectTranslateX=0, info3LabelPosition=jm.minimap.info_slot.bottom, showWaypoints=true, info2LabelPosition=jm.minimap.info_slot.top, minimapKeyMovementSpeed=0.001, info1LabelPosition=jm.minimap.info_slot.top, showAnimals=false, infoSlotAlpha=0.0, effectTranslateY=0, showWaypointLabels=false, showAmbientNames=false, moveEffectIcons=true, showTeamNames=false, position=jm.minimap.position_topright, fontScale=1.0, info4LabelPosition=jm.minimap.info_slot.bottom, showPlayers=true, waypointIconScale=1.0, frameAlpha=0, effectReversed=false, backgroundAlpha=0.98, enabled=true, showVillagers=false, info2Label=jm.theme.labelsource.blank, hudRenderLayer=jm.minimap.hud_render_layer_last, info3Label=jm.theme.labelsource.blank, caveLayer=4, showMobs=false, waypointLabelScale=1.0, showReticle=false, orientation=jm.minimap.orientation.north, info4Label=jm.theme.labelsource.blank, locationFormat=xzyv, playerDisplay=jm.common.entity_display.outlined_icons, mobDisplayScale=1.0, showOffScreenPlayers=false, showCaves=true, hideEffectIcons=false, showMobHeading=false, locationFormatVerbose=false, showAmbientCreatures=false, showPetNames=false, info1Label=jm.theme.labelsource.blank, showNoIconNames=false}
MiniMapProperties{state=Valid, file=journeymap.minimap2.config, configVersion=6.0.0-beta.74, infoSlotTimeFormat=HH:mm:ss, zoomLevel=512, compassFontScale=1.0, infoSlotFontScale=1.0, terrainAlpha=100, showEntityNames=false, showPassiveNames=false, positionX=0.9, positionY=0.25, effectVertical=false, showPlayerHeading=true, sizePercent=30, playerDisplayScale=1.0, showDayNight=true, showPets=true, showPlayerNames=true, preferredMapType=day, showCompass=true, showNpcNames=false, mobDisplay=jm.common.entity_display.dots_and_outlined_icons, showHostileNames=false, systemTimeRealFormat=HH:mm:ss, shape=jm.minimap.shape_rectangle, showSelf=true, showVillagerNames=false, selfDisplayScale=1.0, showGrid=true, reticleOrientation=jm.minimap.orientation.compass, minimapLockedMapType=jm.common.map_type.auto, effectTranslateX=0, info3LabelPosition=jm.minimap.info_slot.bottom, showWaypoints=true, info2LabelPosition=jm.minimap.info_slot.top, minimapKeyMovementSpeed=0.001, info1LabelPosition=jm.minimap.info_slot.top, showAnimals=true, infoSlotAlpha=0.7, effectTranslateY=0, showWaypointLabels=true, showAmbientNames=false, moveEffectIcons=true, showTeamNames=true, position=jm.minimap.position_topright, fontScale=1.0, info4LabelPosition=jm.minimap.info_slot.bottom, showPlayers=true, waypointIconScale=1.0, frameAlpha=100, effectReversed=false, backgroundAlpha=0.8, enabled=true, showVillagers=true, info2Label=jm.theme.labelsource.gametime, hudRenderLayer=jm.minimap.hud_render_layer_last, info3Label=jm.theme.labelsource.location, caveLayer=4, showMobs=true, waypointLabelScale=1.0, showReticle=true, orientation=jm.minimap.orientation.north, info4Label=jm.theme.labelsource.biome, locationFormat=xzyv, playerDisplay=jm.common.entity_display.outlined_icons, mobDisplayScale=1.0, showOffScreenPlayers=true, showCaves=true, hideEffectIcons=false, showMobHeading=true, locationFormatVerbose=true, showAmbientCreatures=false, showPetNames=false, info1Label=jm.theme.labelsource.blank, showNoIconNames=true}
FullMapProperties{state=Valid, file=journeymap.fullmap.config, configVersion=6.0.0-beta.74, zoomLevel=512, minimalMode=false, showPlayers=true, waypointIconScale=1.0, showEntityNames=false, showPassiveNames=false, showPlayerHeading=true, showVillagers=true, showPlayerLoc=true, showKeys=true, playerDisplayScale=1.0, showMobs=true, showPets=true, waypointLabelScale=1.0, showPlayerNames=true, preferredMapType=day, showNpcNames=false, mobDisplay=jm.common.entity_display.dots_and_outlined_icons, showHostileNames=false, showSelf=true, locationFormat=xzyv, playerDisplay=jm.common.entity_display.outlined_icons, showVillagerNames=false, mobDisplayScale=1.0, selfDisplayScale=1.0, showOffScreenPlayers=true, showGrid=true, showMouseLoc=true, showWaypoints=true, showCaves=true, showThemeButton=true, showAnimals=true, showMobHeading=true, showWaypointLabels=true, locationFormatVerbose=true, showAmbientNames=false, showAmbientCreatures=false, showTeamNames=true, showPetNames=false, fontScale=1.0, showNoIconNames=true}
WaypointProperties{state=Valid, file=journeymap.waypoint.config, configVersion=6.0.0-beta.74, autoRemoveDeathpointDistance=2, showPlayers=false, dateFormat=MM-dd-yyyy, autoHideIconAngle=5, autoRemoveDeathpoints=false, autoHideIcon=false, autoHideLabelAngle=5, renderWaypointsWorld=true, showLabelBackground=true, showDeleteConfirmation=true, managerDimensionFocus=false, fullscreenDoubleClickToCreate=true, minDistance=4, coordinatesFormat=XZY, boldLabel=false, disableShare=false, showDeathpointlabel=true, autoHideLabelVertical=true, textureSmall=true, useActionsButton=false, beaconEnabled=false, createDeathpoints=true, disableStrikeThrough=false, renderWaypointsMap=true, showName=true, autoHideLabelVerticalAngle=10, maxDistance=0, ignoreRenderDistance=false, autoHideLabel=true, autoRemoveTempWaypoints=2, teleportCommand=/execute in {dim} run tp {name} {x} {y} {z}, showStaticBeam=true, renderWaypoints=true, wholeNumberTeleportCoords=false, timeFormat=HH:mm:ss, shaderBeacon=false, showDistance=true, showRotatingBeam=true, fontScale=2.0, managerEnabled=true}
WebMapProperties{state=Valid, file=journeymap.webmap.config, configVersion=6.0.0-beta.74, port=8080, enabled=false}
CoreProperties{state=Valid, file=journeymap.core.config, configVersion=6.0.0-beta.74, maxPlayersData=32, mapSurfaceAboveCaves=true, dataCachingEnabled=true, maxAmbientCreaturesData=32, optionsManagerViewed=6.0.0-beta.74, announceMod=false, ignoreSnow=false, colorPassive=#bbbbbb, colorPassiveLabel=#bbbbbb, mapShadows=true, mapBlendWater=true, playerIconFade=true, renderDistanceSurfaceMax=0, seedId=false, colorPetLabel=#0077ff, radarVerticalDistance=16, mapBlendGrass=true, recordCacheStats=false, hideSneakingEntities=true, initialSortOrder=Name, colorPlayerLabel=#ffffff, revealShape=jm.minimap.shape_circle, mapBiome=true, minimapPresetOverlay=true, caveShader=jm.common.map_filter.default, colorVillagerLabel=#88e188, alwaysMapSurface=false, biomeShader=jm.common.map_filter.default, colorVillager=#88e188, mapPlants=false, colorPet=#0077ff, sortDescending=true, radarLateralDistance=64, mapBathymetry=false, mapCrops=true, maxMobsData=32, dayShader=jm.common.map_filter.default, mapPlantShadows=false, alwaysMapCaves=false, checkUpdates=false, colorHostileLabel=#ff0000, mapBlendFoliage=true, netherSurfaceLighting=true, topoMax=0, hideSpectators=false, mappingEnabled=true, colorPlayer=#ffffff, cacheVillagersData=2200, logLevel=INFO, maxVillagersData=32, mapWaterBiomeColors=true, maxAnimalsData=32, mapTransparency=true, caveBlackAsClear=false, caveModeThreshold=2, legacyIcons=false, netherShader=jm.common.map_filter.default, caveIgnoreGlass=true, mapTopography=true, renderDistanceCaveMax=0, mapAntialiasing=true, colorSelf=#0000ff, cachePlayersData=2000, mapOnlyPlayerChunk=false, nightShader=jm.common.map_filter.default, cacheMobsData=3000, cachePlayerData=1000, splashViewed=6.0.0-beta.74, colorHostile=#ff0000, topoShader=jm.common.map_filter.default, allowMiniMapBehindScreens=true, cacheAnimalsData=3100, ignoreHeightmaps=false, lodsEnabled=true, themeName=Purist, mapCaveLighting=true, renderDelay=500, mobIconFade=true, serverIp=false, glErrorChecking=false, autoMapPoll=2000}
[03:19:30] [Render thread/INFO] [JourneymapClient] initialize EXIT, elapsed count 1 avg 213.95ms
[03:19:32] [Render thread/INFO] [JourneymapClientNeoForge] Journeymap PostInit
[03:19:32] [Render thread/DEBUG] [JourneymapClient] postInitialize ENTER
[03:19:32] [Render thread/TRACE] [ThemeLoader] Initializing themes ...
[03:19:32] [Render thread/INFO] [NeoForgeHooks] ModFileLocation:file:/C:/Users/Nick/AppData/Roaming/.minecraft/instances/Marble_(NeoForge)/mods/journeymap-neoforge-1.21.1-6.0.0-beta.74.jar
[03:19:32] [Render thread/DEBUG] [FileHandler] ZipFilePath:C:/Users/Nick/AppData/Roaming/.minecraft/instances/Marble_(NeoForge)/mods/journeymap-neoforge-1.21.1-6.0.0-beta.74.jar zipEntryName:assets/journeymap/theme/victorian_ destDir:C:\Users\Nick\AppData\Roaming\.minecraft\instances\Marble_(NeoForge)\journeymap\icon\theme\victorian_ overWrite:true fromPath:C:/Users/Nick/AppData/Roaming/.minecraft/instances/Marble_(NeoForge)/mods/journeymap-neoforge-1.21.1-6.0.0-beta.74.jar
[03:19:32] [Render thread/INFO] [NeoForgeHooks] ModFileLocation:file:/C:/Users/Nick/AppData/Roaming/.minecraft/instances/Marble_(NeoForge)/mods/journeymap-neoforge-1.21.1-6.0.0-beta.74.jar
[03:19:32] [Render thread/DEBUG] [FileHandler] ZipFilePath:C:/Users/Nick/AppData/Roaming/.minecraft/instances/Marble_(NeoForge)/mods/journeymap-neoforge-1.21.1-6.0.0-beta.74.jar zipEntryName:assets/journeymap/theme/flat destDir:C:\Users\Nick\AppData\Roaming\.minecraft\instances\Marble_(NeoForge)\journeymap\icon\theme\flat overWrite:true fromPath:C:/Users/Nick/AppData/Roaming/.minecraft/instances/Marble_(NeoForge)/mods/journeymap-neoforge-1.21.1-6.0.0-beta.74.jar
[03:19:32] [Render thread/INFO] [NeoForgeHooks] ModFileLocation:file:/C:/Users/Nick/AppData/Roaming/.minecraft/instances/Marble_(NeoForge)/mods/journeymap-neoforge-1.21.1-6.0.0-beta.74.jar
[03:19:32] [Render thread/DEBUG] [FileHandler] ZipFilePath:C:/Users/Nick/AppData/Roaming/.minecraft/instances/Marble_(NeoForge)/mods/journeymap-neoforge-1.21.1-6.0.0-beta.74.jar zipEntryName:assets/journeymap/theme/vault_flat destDir:C:\Users\Nick\AppData\Roaming\.minecraft\instances\Marble_(NeoForge)\journeymap\icon\theme\vault_flat overWrite:true fromPath:C:/Users/Nick/AppData/Roaming/.minecraft/instances/Marble_(NeoForge)/mods/journeymap-neoforge-1.21.1-6.0.0-beta.74.jar
[03:19:32] [Render thread/INFO] [NeoForgeHooks] ModFileLocation:file:/C:/Users/Nick/AppData/Roaming/.minecraft/instances/Marble_(NeoForge)/mods/journeymap-neoforge-1.21.1-6.0.0-beta.74.jar
[03:19:32] [Render thread/DEBUG] [FileHandler] ZipFilePath:C:/Users/Nick/AppData/Roaming/.minecraft/instances/Marble_(NeoForge)/mods/journeymap-neoforge-1.21.1-6.0.0-beta.74.jar zipEntryName:assets/journeymap/theme/vault destDir:C:\Users\Nick\AppData\Roaming\.minecraft\instances\Marble_(NeoForge)\journeymap\icon\theme\vault overWrite:true fromPath:C:/Users/Nick/AppData/Roaming/.minecraft/instances/Marble_(NeoForge)/mods/journeymap-neoforge-1.21.1-6.0.0-beta.74.jar
[03:19:32] [Render thread/INFO] [ThemeLoader] Preloaded theme textures: 73
[03:19:32] [Render thread/INFO] [VersionCheck] Update check disabled in properties file.
[03:19:32] [Render thread/INFO] [JourneymapClient] postInitialize EXIT, elapsed count 1 avg 666.66ms
[03:19:34] [Render thread/INFO] [ColorPalette] Color palette file generated for 0 blockstates in 1ms for: Default Palette
[03:20:21] [Render thread/INFO] [PlayerConnectHandler] onDisconnect: world is null
[03:20:21] [Server thread/INFO] [NeoForgeConfig] Loading JourneyMap Forge Configs
[03:20:28] [Server thread/INFO] [PluginHelper] Found @JourneyMapPlugin: journeymap.api.plugins.LoadedChunkOverlayPlugin
[03:20:28] [Server thread/INFO] [PluginHelper] Initialized IJourneyMapPlugin as:journeymap.api.plugins.LoadedChunkOverlayPlugin: for:journeymap_chunk_overlay
[03:20:29] [Render thread/INFO] [InternalStateHandler] Connection initiated with Journeymap Server: true
[03:20:29] [Render thread/INFO] [InternalStateHandler] Teleport Enabled: false
[03:20:29] [Render thread/INFO] [InternalStateHandler] Expanded Radar Enabled: true
[03:20:29] [Render thread/INFO] [InternalStateHandler] Server Admin Enabled: false
[03:20:29] [Render thread/INFO] [InternalStateHandler] Server set show in-game beacons: false
[03:20:29] [Render thread/INFO] [InternalStateHandler] Server set waypoints allowed: true
[03:20:29] [Render thread/INFO] [InternalStateHandler] Server set Server Admin read only mode: true
[03:20:29] [Render thread/INFO] [InternalStateHandler] Server set maxSurfaceRenderDistance to: 6
[03:20:29] [Render thread/INFO] [InternalStateHandler] Server setmaxCaveRenderDistance to: 6
[03:20:29] [Render thread/INFO] [InternalStateHandler] Server set allow mutliplayer options: true
[03:20:29] [Render thread/INFO] [InternalStateHandler] Server set waypointTeleportOnly: false
[03:20:29] [Render thread/INFO] [InternalStateHandler] Server set globalWaypointsOnly: false
[03:20:29] [Render thread/INFO] [InternalStateHandler] Server set allow radarLateralDistance options: 512
[03:20:29] [Render thread/INFO] [InternalStateHandler] Server set allow radarVerticalDistance options: 320
[03:20:29] [Render thread/INFO] [InternalStateHandler] Server set allow maxAnimalsData options: 32
[03:20:29] [Render thread/INFO] [InternalStateHandler] Server set allow maxAmbientCreaturesData options: 64
[03:20:29] [Render thread/INFO] [InternalStateHandler] Server set allow maxMobsData options: 32
[03:20:29] [Render thread/INFO] [InternalStateHandler] Server set allow maxPlayersData options: 32
[03:20:29] [Render thread/INFO] [InternalStateHandler] Server set allow maxVillagersData options: 32
[03:20:29] [Render thread/INFO] [InternalStateHandler] Server set allow playerRadarNamesEnabled options: true
[03:20:29] [Render thread/INFO] [InternalStateHandler] Server set allow minimapEnabled options: true
[03:20:29] [Render thread/INFO] [InternalStateHandler] Server set allow hideCoordinates options: false
[03:20:29] [Render thread/INFO] [FeatureManager] Feature disabled: RadarAnimals
[03:20:29] [Render thread/INFO] [FeatureManager] Feature disabled: RadarMobs
[03:20:29] [Render thread/INFO] [InternalStateHandler] Connection initiated with Journeymap Server: true
[03:20:29] [Render thread/INFO] [InternalStateHandler] Teleport Enabled: false
[03:20:29] [Render thread/INFO] [InternalStateHandler] Expanded Radar Enabled: true
[03:20:29] [Render thread/INFO] [InternalStateHandler] Server Admin Enabled: false
[03:20:29] [Render thread/INFO] [InternalStateHandler] Server set show in-game beacons: false
[03:20:29] [Render thread/INFO] [InternalStateHandler] Server set waypoints allowed: true
[03:20:29] [Render thread/INFO] [InternalStateHandler] Server set Server Admin read only mode: true
[03:20:29] [Render thread/INFO] [InternalStateHandler] Server set maxSurfaceRenderDistance to: 6
[03:20:29] [Render thread/INFO] [InternalStateHandler] Server setmaxCaveRenderDistance to: 6
[03:20:29] [Render thread/INFO] [InternalStateHandler] Server set allow mutliplayer options: true
[03:20:29] [Render thread/INFO] [InternalStateHandler] Server set waypointTeleportOnly: false
[03:20:29] [Render thread/INFO] [InternalStateHandler] Server set globalWaypointsOnly: false
[03:20:29] [Render thread/INFO] [InternalStateHandler] Server set allow radarLateralDistance options: 512
[03:20:29] [Render thread/INFO] [InternalStateHandler] Server set allow radarVerticalDistance options: 320
[03:20:29] [Render thread/INFO] [InternalStateHandler] Server set allow maxAnimalsData options: 32
[03:20:29] [Render thread/INFO] [InternalStateHandler] Server set allow maxAmbientCreaturesData options: 64
[03:20:29] [Render thread/INFO] [InternalStateHandler] Server set allow maxMobsData options: 32
[03:20:29] [Render thread/INFO] [InternalStateHandler] Server set allow maxPlayersData options: 32
[03:20:29] [Render thread/INFO] [InternalStateHandler] Server set allow maxVillagersData options: 32
[03:20:29] [Render thread/INFO] [InternalStateHandler] Server set allow playerRadarNamesEnabled options: true
[03:20:29] [Render thread/INFO] [InternalStateHandler] Server set allow minimapEnabled options: true
[03:20:29] [Render thread/INFO] [InternalStateHandler] Server set allow hideCoordinates options: false
[03:20:30] [Render thread/INFO] [ModBlockDelegate] Custom modded block handling enabled for create
[03:20:31] [Render thread/INFO] [WaypointGroupStore] Loaded 0 waypoint groups from disk.
[03:20:31] [Render thread/INFO] [WaypointHandler] WaypointBackend selected: Server (was=null, shouldBeRemote=true, isJMServer=true, serverManagedWP=true, isServerManagedWaypointConnection=true, hasSingleplayerServer=true)
[03:20:31] [Render thread/INFO] [LegacyWaypointFileMigrator] 0 Legacy waypoints found that need to be migrated and backed up.
[03:20:31] [Render thread/INFO] [ColorPalette] Color palette file generated for 0 blockstates in 1ms for: C:\Users\Nick\AppData\Roaming\.minecraft\instances\Marble_(NeoForge)\journeymap\colorpalette.json
[03:20:31] [Render thread/INFO] [ColorPalette] Color palette file generated for 0 blockstates in 1ms for: C:\Users\Nick\AppData\Roaming\.minecraft\instances\Marble_(NeoForge)\journeymap\data\sp\Marble\colorpalette.json
[03:20:31] [Render thread/INFO] [JourneymapClient] Mapping started in C:\Users\Nick\AppData\Roaming\.minecraft\instances\Marble_(NeoForge)\journeymap\data\sp\Marble\overworld. Memory: 1424MB total, 442MB free 
[03:20:31] [Render thread/INFO] [JMChunkCache] JMChunkCache: opened at C:\Users\Nick\AppData\Roaming\.minecraft\instances\Marble_(NeoForge)\journeymap\data\sp\Marble\overworld\chunk_cache
[03:20:31] [Render thread/INFO] [InternalStateHandler] Connection initiated with Journeymap Server: true
[03:20:31] [Render thread/INFO] [InternalStateHandler] Teleport Enabled: false
[03:20:31] [Render thread/INFO] [InternalStateHandler] Expanded Radar Enabled: true
[03:20:31] [Render thread/INFO] [InternalStateHandler] Server Admin Enabled: false
[03:20:31] [Render thread/INFO] [InternalStateHandler] Server set show in-game beacons: false
[03:20:31] [Render thread/INFO] [InternalStateHandler] Server set waypoints allowed: true
[03:20:31] [Render thread/INFO] [InternalStateHandler] Server set Server Admin read only mode: true
[03:20:31] [Render thread/INFO] [InternalStateHandler] Server set maxSurfaceRenderDistance to: 6
[03:20:31] [Render thread/INFO] [InternalStateHandler] Server setmaxCaveRenderDistance to: 6
[03:20:31] [Render thread/INFO] [InternalStateHandler] Server set allow mutliplayer options: true
[03:20:31] [Render thread/INFO] [InternalStateHandler] Server set waypointTeleportOnly: false
[03:20:31] [Render thread/INFO] [InternalStateHandler] Server set globalWaypointsOnly: false
[03:20:31] [Render thread/INFO] [InternalStateHandler] Server set allow radarLateralDistance options: 512
[03:20:31] [Render thread/INFO] [InternalStateHandler] Server set allow radarVerticalDistance options: 320
[03:20:31] [Render thread/INFO] [InternalStateHandler] Server set allow maxAnimalsData options: 32
[03:20:31] [Render thread/INFO] [InternalStateHandler] Server set allow maxAmbientCreaturesData options: 64
[03:20:31] [Render thread/INFO] [InternalStateHandler] Server set allow maxMobsData options: 32
[03:20:31] [Render thread/INFO] [InternalStateHandler] Server set allow maxPlayersData options: 32
[03:20:31] [Render thread/INFO] [InternalStateHandler] Server set allow maxVillagersData options: 32
[03:20:31] [Render thread/INFO] [InternalStateHandler] Server set allow playerRadarNamesEnabled options: true
[03:20:31] [Render thread/INFO] [InternalStateHandler] Server set allow minimapEnabled options: true
[03:20:31] [Render thread/INFO] [InternalStateHandler] Server set allow hideCoordinates options: false
[03:20:31] [Render thread/INFO] [FeatureManager] Feature disabled: RadarAnimals
[03:20:31] [Render thread/INFO] [FeatureManager] Feature disabled: RadarMobs
[03:26:17] [Render thread/WARN] [StatTimer] MiniMap1.Square is not running.
[03:26:17] [Render thread/WARN] [StatTimer] MiniMap1.Square is not running.
[03:26:17] [Render thread/WARN] [StatTimer] MiniMap1.Square is not running.
[03:26:17] [Render thread/WARN] [StatTimer] MiniMap1.Square is not running.
[03:26:17] [Render thread/WARN] [StatTimer] MiniMap1.Square is not running.
[03:26:17] [Render thread/WARN] [StatTimer] MiniMap1.Square is not running.
[03:26:17] [Render thread/WARN] [StatTimer] MiniMap1.Square is not running.
[03:26:17] [Render thread/WARN] [StatTimer] MiniMap1.Square is not running.
[03:26:17] [Render thread/WARN] [StatTimer] MiniMap1.Square is not running.
[03:26:17] [Render thread/WARN] [StatTimer] MiniMap1.Square is not running.
[03:26:17] [Render thread/WARN] [StatTimer] MiniMap1.Square is not running.
[03:26:17] [Render thread/WARN] [StatTimer] MiniMap1.Square is not running.
[03:26:17] [Render thread/WARN] [StatTimer] MiniMap1.Square is not running.
[03:26:17] [Render thread/WARN] [StatTimer] MiniMap1.Square is not running.
[03:26:17] [Render thread/WARN] [StatTimer] MiniMap1.Square is not running.
[03:26:17] [Render thread/WARN] [StatTimer] MiniMap1.Square is not running.
[03:26:17] [Render thread/WARN] [StatTimer] MiniMap1.Square is not running.
[03:26:17] [Render thread/WARN] [StatTimer] MiniMap1.Square is not running.
[03:26:17] [Render thread/WARN] [StatTimer] MiniMap1.Square is not running.
[03:26:17] [Render thread/WARN] [StatTimer] MiniMap1.Square is not running.
[03:26:17] [Render thread/WARN] [StatTimer] MiniMap1.Square is not running.
[03:26:17] [Render thread/WARN] [StatTimer] MiniMap1.Square is not running.
[03:26:17] [Render thread/WARN] [StatTimer] MiniMap1.Square is not running.
[03:26:17] [Render thread/WARN] [StatTimer] MiniMap1.Square is not running.
[03:26:17] [Render thread/WARN] [StatTimer] MiniMap1.Square is not running.
[03:26:17] [Render thread/WARN] [StatTimer] MiniMap1.Square is not running.
[03:26:17] [Render thread/WARN] [StatTimer] MiniMap1.Square is not running.
[03:26:17] [Render thread/WARN] [StatTimer] MiniMap1.Square is not running.
[03:26:17] [Render thread/WARN] [StatTimer] MiniMap1.Square is not running.
[03:26:17] [Render thread/WARN] [StatTimer] MiniMap1.Square is not running.
[03:26:17] [Render thread/WARN] [StatTimer] MiniMap1.Square is not running.
[03:26:17] [Render thread/WARN] [StatTimer] MiniMap1.Square is not running.
[03:26:17] [Render thread/WARN] [StatTimer] MiniMap1.Square is not running.
[03:26:17] [Render thread/WARN] [StatTimer] MiniMap1.Square is not running.
[03:26:17] [Render thread/WARN] [StatTimer] MiniMap1.Square is not running.
[03:26:17] [Render thread/WARN] [StatTimer] MiniMap1.Square is not running.
[03:26:17] [Render thread/WARN] [StatTimer] MiniMap1.Square is not running.
[03:26:17] [Render thread/WARN] [StatTimer] MiniMap1.Square is not running.
[03:26:17] [Render thread/WARN] [StatTimer] MiniMap1.Square is not running.
[03:26:17] [Render thread/WARN] [StatTimer] MiniMap1.Square is not running.
[03:26:17] [Render thread/WARN] [StatTimer] MiniMap1.Square is not running.
[03:26:17] [Render thread/WARN] [StatTimer] MiniMap1.Square is not running.
[03:26:17] [Render thread/WARN] [StatTimer] MiniMap1.Square is not running.
[03:26:17] [Render thread/WARN] [StatTimer] MiniMap1.Square is not running.
[03:26:17] [Render thread/WARN] [StatTimer] MiniMap1.Square is not running.
[03:26:17] [Render thread/WARN] [StatTimer] MiniMap1.Square is not running.
[03:26:17] [Render thread/WARN] [StatTimer] MiniMap1.Square is not running.
[03:26:17] [Render thread/WARN] [StatTimer] MiniMap1.Square is not running.
[03:26:17] [Render thread/WARN] [StatTimer] MiniMap1.Square is not running.
[03:26:17] [Render thread/WARN] [StatTimer] MiniMap1.Square is not running.
[03:26:17] [Render thread/WARN] [StatTimer] MiniMap1.Square is not running.
[03:26:17] [Render thread/WARN] [StatTimer] MiniMap1.Square is not running.
[03:26:17] [Render thread/WARN] [StatTimer] MiniMap1.Square is not running.
[03:26:17] [Render thread/WARN] [StatTimer] MiniMap1.Square is not running.
[03:26:17] [Render thread/WARN] [StatTimer] MiniMap1.Square is not running.
[03:26:17] [Render thread/WARN] [StatTimer] MiniMap1.Square is not running.
[03:26:17] [Render thread/WARN] [StatTimer] MiniMap1.Square is not running.
[03:26:17] [Render thread/WARN] [StatTimer] MiniMap1.Square is not running.
[03:26:17] [Render thread/WARN] [StatTimer] MiniMap1.Square is not running.
[03:26:17] [Render thread/WARN] [StatTimer] MiniMap1.Square is not running.
[03:26:17] [Render thread/WARN] [StatTimer] MiniMap1.Square is not running.
[03:26:17] [Render thread/WARN] [StatTimer] MiniMap1.Square is not running.
[03:26:17] [Render thread/WARN] [StatTimer] MiniMap1.Square is not running.
[03:26:17] [Render thread/WARN] [StatTimer] MiniMap1.Square is not running.
[03:26:17] [Render thread/WARN] [StatTimer] MiniMap1.Square is not running.
[03:26:17] [Render thread/WARN] [StatTimer] MiniMap1.Square is not running.
[03:26:18] [Render thread/WARN] [StatTimer] MiniMap1.Square is not running.
[03:26:18] [Render thread/WARN] [StatTimer] MiniMap1.Square is not running.
[03:26:18] [Render thread/WARN] [StatTimer] MiniMap1.Square is not running.
[03:26:18] [Render thread/WARN] [StatTimer] MiniMap1.Square is not running.
[03:26:18] [Render thread/WARN] [StatTimer] MiniMap1.Square is not running.
[03:26:18] [Render thread/WARN] [StatTimer] MiniMap1.Square is not running.
[03:26:18] [Render thread/WARN] [StatTimer] MiniMap1.Square is not running.
[03:26:18] [Render thread/WARN] [StatTimer] MiniMap1.Square is not running.
[03:26:18] [Render thread/WARN] [StatTimer] MiniMap1.Square is not running.
[03:26:18] [Render thread/WARN] [StatTimer] MiniMap1.Square is not running.
[03:26:18] [Render thread/WARN] [StatTimer] MiniMap1.Square is not running.
[03:26:18] [Render thread/WARN] [StatTimer] MiniMap1.Square is not running.
[03:26:18] [Render thread/WARN] [StatTimer] MiniMap1.Square is not running.
[03:26:18] [Render thread/WARN] [StatTimer] MiniMap1.Square is not running.
[03:26:18] [Render thread/WARN] [StatTimer] MiniMap1.Square is not running.
[03:26:18] [Render thread/WARN] [StatTimer] MiniMap1.Square is not running.
[03:26:18] [Render thread/WARN] [StatTimer] MiniMap1.Square is not running.
[03:26:18] [Render thread/WARN] [StatTimer] MiniMap1.Square is not running.
[03:26:18] [Render thread/WARN] [StatTimer] MiniMap1.Square is not running.
[03:26:18] [Render thread/WARN] [StatTimer] MiniMap1.Square is not running.
[03:26:18] [Render thread/WARN] [StatTimer] MiniMap1.Square is not running.
[03:26:18] [Render thread/WARN] [StatTimer] MiniMap1.Square is not running.
[03:26:18] [Render thread/WARN] [StatTimer] MiniMap1.Square is not running.
[03:26:18] [Render thread/WARN] [StatTimer] MiniMap1.Square is not running.
[03:26:18] [Render thread/WARN] [StatTimer] MiniMap1.Square is not running.
[03:26:18] [Render thread/WARN] [StatTimer] MiniMap1.Square is not running.
[03:26:18] [Render thread/WARN] [StatTimer] MiniMap1.Square is not running.
[03:26:18] [Render thread/WARN] [StatTimer] MiniMap1.Square is not running.
[03:26:18] [Render thread/WARN] [StatTimer] MiniMap1.Square is not running.
[03:26:18] [Render thread/WARN] [StatTimer] MiniMap1.Square is not running.
[03:26:18] [Render thread/WARN] [StatTimer] MiniMap1.Square is not running.
[03:26:18] [Render thread/WARN] [StatTimer] MiniMap1.Square is not running.
[03:26:18] [Render thread/WARN] [StatTimer] MiniMap1.Square is not running.
[03:26:18] [Render thread/WARN] [StatTimer] MiniMap1.Square is not running.
[03:26:18] [Render thread/WARN] [StatTimer] MiniMap1.Square is not running.
[03:26:18] [Render thread/WARN] [StatTimer] MiniMap1.Square is not running.
[03:26:18] [Render thread/WARN] [StatTimer] MiniMap1.Square is not running.
[03:26:18] [Render thread/WARN] [StatTimer] MiniMap1.Square is not running.
[03:26:18] [Render thread/WARN] [StatTimer] MiniMap1.Square is not running.
[03:26:18] [Render thread/WARN] [StatTimer] MiniMap1.Square is not running.
[03:26:18] [Render thread/WARN] [StatTimer] MiniMap1.Square is not running.
[03:26:18] [Render thread/WARN] [StatTimer] MiniMap1.Square is not running.
[03:26:18] [Render thread/WARN] [StatTimer] MiniMap1.Square is not running.
[03:26:18] [Render thread/WARN] [StatTimer] MiniMap1.Square is not running.
[03:26:18] [Render thread/WARN] [StatTimer] MiniMap1.Square is not running.
[03:26:18] [Render thread/WARN] [StatTimer] MiniMap1.Square is not running.
[03:26:18] [Render thread/WARN] [StatTimer] MiniMap1.Square is not running.
[03:26:18] [Render thread/WARN] [StatTimer] MiniMap1.Square is not running.
[03:26:18] [Render thread/WARN] [StatTimer] MiniMap1.Square is not running.
[03:26:18] [Render thread/WARN] [StatTimer] MiniMap1.Square is not running.
[03:26:18] [Render thread/WARN] [StatTimer] MiniMap1.Square is not running.
[03:26:18] [Render thread/WARN] [StatTimer] MiniMap1.Square is not running.
[03:26:18] [Render thread/WARN] [StatTimer] MiniMap1.Square is not running.
[03:26:18] [Render thread/WARN] [StatTimer] MiniMap1.Square is not running.
[03:26:18] [Render thread/WARN] [StatTimer] MiniMap1.Square is not running.
[03:26:18] [Render thread/WARN] [StatTimer] MiniMap1.Square is not running.
[03:26:18] [Render thread/WARN] [StatTimer] MiniMap1.Square is not running.
[03:26:18] [Render thread/WARN] [StatTimer] MiniMap1.Square is not running.
[03:26:18] [Render thread/WARN] [StatTimer] MiniMap1.Square is not running.
[03:26:18] [Render thread/WARN] [StatTimer] MiniMap1.Square is not running.
[03:26:18] [Render thread/WARN] [StatTimer] MiniMap1.Square is not running.
[03:26:18] [Render thread/WARN] [StatTimer] MiniMap1.Square is not running.
[03:26:18] [Render thread/WARN] [StatTimer] MiniMap1.Square is not running.
[03:26:18] [Render thread/WARN] [StatTimer] MiniMap1.Square is not running.
[03:26:18] [Render thread/WARN] [StatTimer] MiniMap1.Square is not running.
[03:26:18] [Render thread/WARN] [StatTimer] MiniMap1.Square is not running.
[03:26:18] [Render thread/WARN] [StatTimer] MiniMap1.Square is not running.
[03:26:18] [Render thread/WARN] [StatTimer] MiniMap1.Square is not running.
[03:26:18] [Render thread/WARN] [StatTimer] MiniMap1.Square is not running.
[03:26:18] [Render thread/WARN] [StatTimer] MiniMap1.Square is not running.
[03:26:18] [Render thread/WARN] [StatTimer] MiniMap1.Square is not running.
[03:26:18] [Render thread/WARN] [StatTimer] MiniMap1.Square is not running.
[03:26:18] [Render thread/WARN] [StatTimer] MiniMap1.Square is not running.
[03:26:18] [Render thread/WARN] [StatTimer] MiniMap1.Square is not running.
[03:26:18] [Render thread/WARN] [StatTimer] MiniMap1.Square is not running.
[03:26:18] [Render thread/WARN] [StatTimer] MiniMap1.Square is not running.
[03:26:18] [Render thread/WARN] [StatTimer] MiniMap1.Square is not running.
[03:26:18] [Render thread/WARN] [StatTimer] MiniMap1.Square is not running.
[03:26:18] [Render thread/WARN] [StatTimer] MiniMap1.Square is not running.
[03:26:18] [Render thread/WARN] [StatTimer] MiniMap1.Square is not running.
[03:26:18] [Render thread/WARN] [StatTimer] MiniMap1.Square is not running.
[03:26:18] [Render thread/WARN] [StatTimer] MiniMap1.Square is not running.
[03:26:18] [Render thread/WARN] [StatTimer] MiniMap1.Square is not running.
[03:26:18] [Render thread/WARN] [StatTimer] MiniMap1.Square is not running.
[03:26:18] [Render thread/WARN] [StatTimer] MiniMap1.Square is not running.
[03:26:18] [Render thread/WARN] [StatTimer] MiniMap1.Square is not running.
[03:26:18] [Render thread/WARN] [StatTimer] MiniMap1.Square is not running.
[03:26:18] [Render thread/WARN] [StatTimer] MiniMap1.Square is not running.
[03:26:18] [Render thread/WARN] [StatTimer] MiniMap1.Square is not running.
[03:26:18] [Render thread/WARN] [StatTimer] MiniMap1.Square is not running.
[03:26:18] [Render thread/WARN] [StatTimer] MiniMap1.Square is not running.
[03:26:18] [Render thread/WARN] [StatTimer] MiniMap1.Square is not running.
[03:26:18] [Render thread/WARN] [StatTimer] MiniMap1.Square is not running.
[03:26:18] [Render thread/WARN] [StatTimer] MiniMap1.Square is not running.
[03:26:18] [Render thread/WARN] [StatTimer] MiniMap1.Square is not running.
[03:26:18] [Render thread/WARN] [StatTimer] MiniMap1.Square is not running.
[03:26:18] [Render thread/WARN] [StatTimer] MiniMap1.Square is not running.
[03:26:18] [Render thread/WARN] [StatTimer] MiniMap1.Square is not running.
[03:26:18] [Render thread/WARN] [StatTimer] MiniMap1.Square is not running.
[03:26:18] [Render thread/WARN] [StatTimer] MiniMap1.Square is not running.
[03:26:18] [Render thread/WARN] [StatTimer] MiniMap1.Square is not running.
[03:26:18] [Render thread/WARN] [StatTimer] MiniMap1.Square is not running.
[03:26:18] [Render thread/WARN] [StatTimer] MiniMap1.Square is not running.
[03:26:18] [Render thread/WARN] [StatTimer] MiniMap1.Square is not running.
[03:26:18] [Render thread/WARN] [StatTimer] MiniMap1.Square is not running.
[03:26:18] [Render thread/WARN] [StatTimer] MiniMap1.Square is not running.
[03:26:18] [Render thread/WARN] [StatTimer] MiniMap1.Square is not running.
[03:26:18] [Render thread/WARN] [StatTimer] MiniMap1.Square is not running.
[03:26:18] [Render thread/WARN] [StatTimer] MiniMap1.Square is not running.
[03:26:18] [Render thread/WARN] [StatTimer] MiniMap1.Square is not running.
[03:26:18] [Render thread/WARN] [StatTimer] MiniMap1.Square is not running.
[03:26:18] [Render thread/WARN] [StatTimer] MiniMap1.Square is not running.
[03:26:18] [Render thread/WARN] [StatTimer] MiniMap1.Square is not running.
[03:26:18] [Render thread/WARN] [StatTimer] MiniMap1.Square is not running.
[03:26:18] [Render thread/WARN] [StatTimer] MiniMap1.Square is not running.
[03:26:18] [Render thread/WARN] [StatTimer] MiniMap1.Square is not running.
[03:26:18] [Render thread/WARN] [StatTimer] MiniMap1.Square is not running.
[03:26:18] [Render thread/WARN] [StatTimer] MiniMap1.Square is not running.
[03:26:19] [Render thread/WARN] [StatTimer] MiniMap1.Square is not running.
[03:26:19] [Render thread/WARN] [StatTimer] MiniMap1.Square is not running.
[03:26:19] [Render thread/WARN] [StatTimer] MiniMap1.Square is not running.
[03:26:19] [Render thread/WARN] [StatTimer] MiniMap1.Square is not running.
[03:26:19] [Render thread/WARN] [StatTimer] MiniMap1.Square is not running.
[03:26:19] [Render thread/WARN] [StatTimer] MiniMap1.Square is not running.
[03:26:19] [Render thread/WARN] [StatTimer] MiniMap1.Square is not running.
[03:26:19] [Render thread/WARN] [StatTimer] MiniMap1.Square is not running.
[03:26:19] [Render thread/WARN] [StatTimer] MiniMap1.Square is not running.
[03:26:19] [Render thread/WARN] [StatTimer] MiniMap1.Square is not running.
[03:26:19] [Render thread/WARN] [StatTimer] MiniMap1.Square is not running.
[03:26:19] [Render thread/WARN] [StatTimer] MiniMap1.Square is not running.
[03:26:19] [Render thread/WARN] [StatTimer] MiniMap1.Square is not running.
[03:26:19] [Render thread/WARN] [StatTimer] MiniMap1.Square is not running.
[03:26:19] [Render thread/WARN] [StatTimer] MiniMap1.Square is not running.
[03:26:19] [Render thread/WARN] [StatTimer] MiniMap1.Square is not running.
[03:26:19] [Render thread/WARN] [StatTimer] MiniMap1.Square is not running.
[03:26:19] [Render thread/WARN] [StatTimer] MiniMap1.Square is not running.
[03:26:19] [Render thread/WARN] [StatTimer] MiniMap1.Square is not running.
[03:26:19] [Render thread/WARN] [StatTimer] MiniMap1.Square is not running.
[03:26:19] [Render thread/WARN] [StatTimer] MiniMap1.Square is not running.
[03:26:19] [Render thread/WARN] [StatTimer] MiniMap1.Square is not running.
[03:26:19] [Render thread/WARN] [StatTimer] MiniMap1.Square is not running.
[03:26:19] [Render thread/WARN] [StatTimer] MiniMap1.Square is not running.
[03:26:19] [Render thread/WARN] [StatTimer] MiniMap1.Square is not running.
[03:26:19] [Render thread/WARN] [StatTimer] MiniMap1.Square is not running.
[03:26:19] [Render thread/WARN] [StatTimer] MiniMap1.Square is not running.
[03:26:19] [Render thread/WARN] [StatTimer] MiniMap1.Square is not running.
[03:26:19] [Render thread/WARN] [StatTimer] MiniMap1.Square is not running.
[03:26:19] [Render thread/WARN] [StatTimer] MiniMap1.Square is not running.
[03:26:19] [Render thread/WARN] [StatTimer] MiniMap1.Square is not running.
[03:26:19] [Render thread/WARN] [StatTimer] MiniMap1.Square is not running.
[03:26:19] [Render thread/WARN] [StatTimer] MiniMap1.Square is not running.
[03:26:19] [Render thread/WARN] [StatTimer] MiniMap1.Square is not running.
[03:26:19] [Render thread/WARN] [StatTimer] MiniMap1.Square is not running.
[03:26:19] [Render thread/WARN] [StatTimer] MiniMap1.Square is not running.
[03:26:19] [Render thread/WARN] [StatTimer] MiniMap1.Square is not running.
[03:26:19] [Render thread/WARN] [StatTimer] MiniMap1.Square is not running.
[03:26:19] [Render thread/WARN] [StatTimer] MiniMap1.Square is not running.
[03:26:19] [Render thread/WARN] [StatTimer] MiniMap1.Square is not running.
[03:26:19] [Render thread/WARN] [StatTimer] MiniMap1.Square is not running.
[03:26:19] [Render thread/WARN] [StatTimer] MiniMap1.Square is not running.
[03:26:19] [Render thread/WARN] [StatTimer] MiniMap1.Square is not running.
[03:26:19] [Render thread/WARN] [StatTimer] MiniMap1.Square is not running.
[03:26:19] [Render thread/WARN] [StatTimer] MiniMap1.Square is not running.
[03:26:19] [Render thread/WARN] [StatTimer] MiniMap1.Square is not running.
[03:26:19] [Render thread/WARN] [StatTimer] MiniMap1.Square is not running.
[03:26:19] [Render thread/WARN] [StatTimer] MiniMap1.Square is not running.
[03:26:19] [Render thread/WARN] [StatTimer] MiniMap1.Square is not running.
[03:26:19] [Render thread/WARN] [StatTimer] MiniMap1.Square is not running.
[03:26:19] [Render thread/WARN] [StatTimer] MiniMap1.Square is not running.
[03:26:19] [Render thread/WARN] [StatTimer] MiniMap1.Square is not running.
[03:26:19] [Render thread/WARN] [StatTimer] MiniMap1.Square is not running.
[03:26:19] [Render thread/WARN] [StatTimer] MiniMap1.Square is not running.
[03:26:19] [Render thread/WARN] [StatTimer] MiniMap1.Square is not running.
[03:26:19] [Render thread/WARN] [StatTimer] MiniMap1.Square is not running.
[03:26:19] [Render thread/WARN] [StatTimer] MiniMap1.Square is not running.
[03:26:19] [Render thread/WARN] [StatTimer] MiniMap1.Square is not running.
[03:26:19] [Render thread/WARN] [StatTimer] MiniMap1.Square is not running.
[03:26:19] [Render thread/WARN] [StatTimer] MiniMap1.Square is not running.
[03:26:19] [Render thread/WARN] [StatTimer] MiniMap1.Square is not running.
[03:26:19] [Render thread/WARN] [StatTimer] MiniMap1.Square is not running.
[03:26:19] [Render thread/WARN] [StatTimer] MiniMap1.Square is not running.
[03:26:19] [Render thread/WARN] [StatTimer] MiniMap1.Square is not running.
[03:26:19] [Render thread/WARN] [StatTimer] MiniMap1.Square is not running.
[03:26:19] [Render thread/WARN] [StatTimer] MiniMap1.Square is not running.
[03:26:19] [Render thread/WARN] [StatTimer] MiniMap1.Square is not running.
[03:26:19] [Render thread/WARN] [StatTimer] MiniMap1.Square is not running.
[03:26:19] [Render thread/WARN] [StatTimer] MiniMap1.Square is not running.
[03:26:19] [Render thread/WARN] [StatTimer] MiniMap1.Square is not running.
[03:26:19] [Render thread/WARN] [StatTimer] MiniMap1.Square is not running.
[03:26:19] [Render thread/WARN] [StatTimer] MiniMap1.Square is not running.
[03:26:19] [Render thread/WARN] [StatTimer] MiniMap1.Square is not running.
[03:26:19] [Render thread/WARN] [StatTimer] MiniMap1.Square is not running.
[03:26:19] [Render thread/WARN] [StatTimer] MiniMap1.Square is not running.
[03:26:19] [Render thread/WARN] [StatTimer] MiniMap1.Square is not running.
[03:26:19] [Render thread/WARN] [StatTimer] MiniMap1.Square is not running.
[03:26:19] [Render thread/WARN] [StatTimer] MiniMap1.Square is not running.
[03:26:19] [Render thread/WARN] [StatTimer] MiniMap1.Square is not running.
[03:26:19] [Render thread/WARN] [StatTimer] MiniMap1.Square is not running.
[03:26:19] [Render thread/WARN] [StatTimer] MiniMap1.Square is not running.
[03:26:19] [Render thread/WARN] [StatTimer] MiniMap1.Square is not running.
[03:26:19] [Render thread/WARN] [StatTimer] MiniMap1.Square is not running.
[03:26:19] [Render thread/WARN] [StatTimer] MiniMap1.Square is not running.
[03:26:19] [Render thread/WARN] [StatTimer] MiniMap1.Square is not running.
[03:26:19] [Render thread/WARN] [StatTimer] MiniMap1.Square is not running.
[03:26:19] [Render thread/WARN] [StatTimer] MiniMap1.Square is not running.
[03:26:19] [Render thread/WARN] [StatTimer] MiniMap1.Square is not running.
[03:26:19] [Render thread/WARN] [StatTimer] MiniMap1.Square is not running.
[03:26:19] [Render thread/INFO] [InternalStateHandler] Connection initiated with Journeymap Server: true
[03:26:19] [Render thread/INFO] [InternalStateHandler] Teleport Enabled: false
[03:26:19] [Render thread/INFO] [InternalStateHandler] Expanded Radar Enabled: true
[03:26:19] [Render thread/INFO] [InternalStateHandler] Server Admin Enabled: false
[03:26:19] [Render thread/INFO] [InternalStateHandler] Server set show in-game beacons: false
[03:26:19] [Render thread/INFO] [InternalStateHandler] Server set waypoints allowed: true
[03:26:19] [Render thread/INFO] [InternalStateHandler] Server set Server Admin read only mode: true
[03:26:19] [Render thread/INFO] [InternalStateHandler] Server set maxSurfaceRenderDistance to: 6
[03:26:19] [Render thread/INFO] [InternalStateHandler] Server setmaxCaveRenderDistance to: 6
[03:26:19] [Render thread/INFO] [InternalStateHandler] Server set allow mutliplayer options: true
[03:26:19] [Render thread/INFO] [InternalStateHandler] Server set waypointTeleportOnly: false
[03:26:19] [Render thread/INFO] [InternalStateHandler] Server set globalWaypointsOnly: false
[03:26:19] [Render thread/INFO] [InternalStateHandler] Server set allow radarLateralDistance options: 512
[03:26:19] [Render thread/INFO] [InternalStateHandler] Server set allow radarVerticalDistance options: 320
[03:26:19] [Render thread/INFO] [InternalStateHandler] Server set allow maxAnimalsData options: 32
[03:26:19] [Render thread/INFO] [InternalStateHandler] Server set allow maxAmbientCreaturesData options: 64
[03:26:19] [Render thread/INFO] [InternalStateHandler] Server set allow maxMobsData options: 32
[03:26:19] [Render thread/INFO] [InternalStateHandler] Server set allow maxPlayersData options: 32
[03:26:19] [Render thread/INFO] [InternalStateHandler] Server set allow maxVillagersData options: 32
[03:26:19] [Render thread/INFO] [InternalStateHandler] Server set allow playerRadarNamesEnabled options: true
[03:26:19] [Render thread/INFO] [InternalStateHandler] Server set allow minimapEnabled options: true
[03:26:19] [Render thread/INFO] [InternalStateHandler] Server set allow hideCoordinates options: false
